<?xml version="1.0" encoding="UTF-8"?>
<!-- Generated by org.testng.reporters.JUnitReportReporter -->
<testsuite hostname="YCSLAP1132" failures="0" tests="1" name="com.api.tests.ForgetPasswordAPITest" time="0.002" errors="0" timestamp="2025-07-14T16:27:18 IST" skipped="0">
  <testcase classname="com.api.tests.ForgetPasswordAPITest" name="forgetPassword" time="0.002"/>
</testsuite> <!-- com.api.tests.ForgetPasswordAPITest -->
