<?xml version="1.0" encoding="UTF-8"?>
<!-- Generated by org.testng.reporters.JUnitReportReporter -->
<testsuite hostname="YCSLAP1132" failures="0" tests="1" name="com.api.tests.GetUserAPITest" time="1.583" errors="0" timestamp="2025-07-18T17:35:39 IST" skipped="0">
  <testcase classname="com.api.tests.GetUserAPITest" name="getUser" time="1.583"/>
</testsuite> <!-- com.api.tests.GetUserAPITest -->
