<?xml version="1.0" encoding="UTF-8"?>
<!-- Generated by org.testng.reporters.JUnitReportReporter -->
<testsuite hostname="YCSLAP1132" failures="0" tests="1" name="com.api.tests.SignUpAccountAPITest" time="2.257" errors="0" timestamp="2025-07-11T15:19:07 IST" skipped="0">
  <testcase classname="com.api.tests.SignUpAccountAPITest" name="createAccount" time="2.257"/>
</testsuite> <!-- com.api.tests.SignUpAccountAPITest -->
