<?xml version="1.0" encoding="UTF-8"?>
<!-- Generated by org.testng.reporters.JUnitReportReporter -->
<testsuite hostname="YCSLAP1132" failures="0" tests="1" name="com.api.tests.UpdateProfileAPITest" time="2.377" errors="0" timestamp="2025-07-14T18:45:53 IST" skipped="0">
  <testcase classname="com.api.tests.UpdateProfileAPITest" name="updateProfile" time="2.377"/>
</testsuite> <!-- com.api.tests.UpdateProfileAPITest -->
