<?xml version="1.0" encoding="UTF-8"?>
<!-- Generated by org.testng.reporters.JUnitReportReporter -->
<testsuite hostname="YCSLAP1132" failures="0" tests="1" name="com.api.tests.UpdateProfileAPITest" time="0.519" errors="0" timestamp="2025-07-14T15:34:22 IST" skipped="0">
  <testcase classname="com.api.tests.UpdateProfileAPITest" name="updateProfile" time="0.519"/>
</testsuite> <!-- com.api.tests.UpdateProfileAPITest -->
