<?xml version="1.0" encoding="UTF-8"?>
<!-- Generated by org.testng.reporters.JUnitReportReporter -->
<testsuite hostname="YCSLAP1132" failures="0" tests="1" name="com.api.tests.GetProfileAPITest" time="2.250" errors="0" timestamp="2025-07-14T15:34:22 IST" skipped="0">
  <testcase classname="com.api.tests.GetProfileAPITest" name="getProfile" time="2.250"/>
</testsuite> <!-- com.api.tests.GetProfileAPITest -->
