<?xml version="1.0" encoding="UTF-8"?>
<!-- Generated by org.testng.reporters.JUnitReportReporter -->
<testsuite hostname="YCSLAP1132" failures="0" tests="1" name="com.api.tests.SignUpAPITest" time="0.248" errors="0" timestamp="2025-07-14T15:34:22 IST" skipped="0">
  <testcase classname="com.api.tests.SignUpAPITest" name="signUp" time="0.248"/>
</testsuite> <!-- com.api.tests.SignUpAPITest -->
