<?xml version="1.0" encoding="UTF-8"?>
<!-- Generated by org.testng.reporters.JUnitReportReporter -->
<testsuite hostname="YCSLAP1132" failures="0" tests="1" name="com.api.tests.CreateUserAPITest" time="3.354" errors="0" timestamp="2025-07-18T17:37:18 IST" skipped="0">
  <testcase classname="com.api.tests.CreateUserAPITest" name="createUser" time="3.354"/>
</testsuite> <!-- com.api.tests.CreateUserAPITest -->
