<?xml version="1.0" encoding="UTF-8"?>
<!-- Generated by org.testng.reporters.JUnitReportReporter -->
<testsuite hostname="YCSLAP1132" failures="0" tests="1" name="com.api.tests.UpdateUserAPITest" time="1.287" errors="0" timestamp="2025-07-15T18:12:45 IST" skipped="0">
  <testcase classname="com.api.tests.UpdateUserAPITest" name="updateUser" time="1.287"/>
</testsuite> <!-- com.api.tests.UpdateUserAPITest -->
